<?xml version="1.0" encoding="UTF-8"?>
<testsuite xmlns:xsi="http://www.w3.org/2001/XMLSchema-instance" xsi:noNamespaceSchemaLocation="https://maven.apache.org/surefire/maven-surefire-plugin/xsd/surefire-test-report.xsd" version="3.0.2" name="it.unipi.wined.WinedApplicationTests" time="2.253" tests="1" errors="0" skipped="0" failures="0">
  <properties>
[...]
</properties>
  <testcase name="contextLoads" classname="it.unipi.wined.WinedApplicationTests" time="0.441">
    <system-out><![CDATA[16:44:36.104 [main] INFO org.springframework.test.context.support.AnnotationConfigContextLoaderUtils -- Could not detect default configuration classes for test class [it.unipi.wined.WinedApplicationTests]: WinedApplicationTests does not declare any static, non-private, non-final, nested classes annotated with @Configuration.
16:44:36.169 [main] INFO org.springframework.boot.test.context.SpringBootTestContextBootstrapper -- Found @SpringBootConfiguration it.unipi.wined.WinedApplication for test class it.unipi.wined.WinedApplicationTests
16:44:36.244 [main] INFO org.springframework.boot.devtools.restart.RestartApplicationListener -- Restart disabled due to context in which it is running

  .   ____          _            __ _ _
 /\\ / ___'_ __ _ _(_)_ __  __ _ \ \ \ \
( ( )\___ | '_ | '_| | '_ \/ _` | \ \ \ \
 \\/  ___)| |_)| | | | | || (_| |  ) ) ) )
  '  |____| .__|_| |_|_| |_\__, | / / / /
 =========|_|==============|___/=/_/_/_/

 :: Spring Boot ::                (v3.4.1)

2025-01-16T16:44:36.379+01:00  INFO 16127 --- [wined2] [           main] it.unipi.wined.WinedApplicationTests     : Starting WinedApplicationTests using Java 17.0.13 with PID 16127 (started by erni in /home/erni/wined2/wined2)
2025-01-16T16:44:36.379+01:00  INFO 16127 --- [wined2] [           main] it.unipi.wined.WinedApplicationTests     : No active profile set, falling back to 1 default profile: "default"
2025-01-16T16:44:36.798+01:00  INFO 16127 --- [wined2] [           main] .s.d.r.c.RepositoryConfigurationDelegate : Multiple Spring Data modules found, entering strict repository configuration mode
2025-01-16T16:44:36.798+01:00  INFO 16127 --- [wined2] [           main] .s.d.r.c.RepositoryConfigurationDelegate : Bootstrapping Spring Data MongoDB repositories in DEFAULT mode.
2025-01-16T16:44:36.814+01:00  INFO 16127 --- [wined2] [           main] .s.d.r.c.RepositoryConfigurationDelegate : Finished Spring Data repository scanning in 12 ms. Found 0 MongoDB repository interfaces.
2025-01-16T16:44:36.830+01:00  INFO 16127 --- [wined2] [           main] .s.d.r.c.RepositoryConfigurationDelegate : Multiple Spring Data modules found, entering strict repository configuration mode
2025-01-16T16:44:36.831+01:00  INFO 16127 --- [wined2] [           main] .s.d.r.c.RepositoryConfigurationDelegate : Bootstrapping Spring Data Neo4j repositories in DEFAULT mode.
2025-01-16T16:44:36.834+01:00  INFO 16127 --- [wined2] [           main] .s.d.r.c.RepositoryConfigurationDelegate : Finished Spring Data repository scanning in 1 ms. Found 0 Neo4j repository interfaces.
2025-01-16T16:44:36.837+01:00  INFO 16127 --- [wined2] [           main] .s.d.r.c.RepositoryConfigurationDelegate : Multiple Spring Data modules found, entering strict repository configuration mode
2025-01-16T16:44:36.837+01:00  INFO 16127 --- [wined2] [           main] .s.d.r.c.RepositoryConfigurationDelegate : Bootstrapping Spring Data Neo4j repositories in DEFAULT mode.
2025-01-16T16:44:36.840+01:00  INFO 16127 --- [wined2] [           main] .s.d.r.c.RepositoryConfigurationDelegate : Finished Spring Data repository scanning in 1 ms. Found 0 Neo4j repository interfaces.
2025-01-16T16:44:37.454+01:00  INFO 16127 --- [wined2] [           main] org.mongodb.driver.client                : MongoClient with metadata {"driver": {"name": "mongo-java-driver|sync|spring-boot", "version": "5.2.1"}, "os": {"type": "Linux", "name": "Linux", "architecture": "amd64", "version": "6.8.0-49-generic"}, "platform": "Java/Ubuntu/17.0.13+11-Ubuntu-2ubuntu122.04"} created with settings MongoClientSettings{readPreference=primary, writeConcern=WriteConcern{w=null, wTimeout=null ms, journal=null}, retryWrites=true, retryReads=true, readConcern=ReadConcern{level=null}, credential=null, transportSettings=null, commandListeners=[], codecRegistry=ProvidersCodecRegistry{codecProviders=[ValueCodecProvider{}, BsonValueCodecProvider{}, DBRefCodecProvider{}, DBObjectCodecProvider{}, DocumentCodecProvider{}, CollectionCodecProvider{}, IterableCodecProvider{}, MapCodecProvider{}, GeoJsonCodecProvider{}, GridFSFileCodecProvider{}, Jsr310CodecProvider{}, JsonObjectCodecProvider{}, BsonCodecProvider{}, EnumCodecProvider{}, com.mongodb.client.model.mql.ExpressionCodecProvider@257f30f7, com.mongodb.Jep395RecordCodecProvider@3fde2209, com.mongodb.KotlinCodecProvider@1f916219]}, loggerSettings=LoggerSettings{maxDocumentLength=1000}, clusterSettings={hosts=[localhost:27017], srvServiceName=mongodb, mode=SINGLE, requiredClusterType=UNKNOWN, requiredReplicaSetName='null', serverSelector='null', clusterListeners='[]', serverSelectionTimeout='30000 ms', localThreshold='15 ms'}, socketSettings=SocketSettings{connectTimeoutMS=10000, readTimeoutMS=0, receiveBufferSize=0, proxySettings=ProxySettings{host=null, port=null, username=null, password=null}}, heartbeatSocketSettings=SocketSettings{connectTimeoutMS=10000, readTimeoutMS=10000, receiveBufferSize=0, proxySettings=ProxySettings{host=null, port=null, username=null, password=null}}, connectionPoolSettings=ConnectionPoolSettings{maxSize=100, minSize=0, maxWaitTimeMS=120000, maxConnectionLifeTimeMS=0, maxConnectionIdleTimeMS=0, maintenanceInitialDelayMS=0, maintenanceFrequencyMS=60000, connectionPoolListeners=[], maxConnecting=2}, serverSettings=ServerSettings{heartbeatFrequencyMS=10000, minHeartbeatFrequencyMS=500, serverMonitoringMode=AUTO, serverListeners='[]', serverMonitorListeners='[]'}, sslSettings=SslSettings{enabled=false, invalidHostNameAllowed=false, context=null}, applicationName='null', compressorList=[], uuidRepresentation=JAVA_LEGACY, serverApi=null, autoEncryptionSettings=null, dnsClient=null, inetAddressResolver=null, contextProvider=null, timeoutMS=null}
2025-01-16T16:44:37.486+01:00  INFO 16127 --- [wined2] [localhost:27017] org.mongodb.driver.cluster               : Monitor thread successfully connected to server with description ServerDescription{address=localhost:27017, type=STANDALONE, cryptd=false, state=CONNECTED, ok=true, minWireVersion=0, maxWireVersion=25, maxDocumentSize=16777216, logicalSessionTimeoutMinutes=30, roundTripTimeNanos=19673847, minRoundTripTimeNanos=0}
2025-01-16T16:44:37.643+01:00  INFO 16127 --- [wined2] [           main] o.neo4j.driver.internal.DriverFactory    : Direct driver instance 614159535 created for server address localhost:7687
2025-01-16T16:44:37.829+01:00  INFO 16127 --- [wined2] [           main] it.unipi.wined.WinedApplicationTests     : Started WinedApplicationTests in 1.59 seconds (process running for 2.043)
7
]]></system-out>
  </testcase>
</testsuite>